<?xml version='1.0' encoding='UTF-8'?>
<testsuite hostname="ben-G3-3590" name="org.combinators.solitaire.bigforty.BigFortyTests" tests="5" errors="0" failures="3" skipped="0" time="32.208" timestamp="2023-01-18T10:37:53">
                     <properties>
[...]
</properties>
                     <testcase classname="org.combinators.solitaire.bigforty.BigFortyTests" name="Inhabitation KlondikeDomain Model Tableau is size 4" time="0.0">
                                                 <failure message="org.scalatest.exceptions.TestFailedException: List(List(Column, Column, Column, Column, Column, Column, Column, Column, Column, Column)) had size 1 instead of expected size 10" type="sbt.ForkMain$ForkError">sbt.ForkMain$ForkError: org.scalatest.exceptions.TestFailedException: List(List(Column, Column, Column, Column, Column, Column, Column, Column, Column, Column)) had size 1 instead of expected size 10
	at org.scalatest.Assertions.newAssertionFailedException(Assertions.scala:528)
	at org.scalatest.Assertions.newAssertionFailedException$(Assertions.scala:527)
	at org.scalatest.FunSpec.newAssertionFailedException(FunSpec.scala:1630)
	at org.scalatest.Assertions$AssertionsHelper.macroAssert(Assertions.scala:501)
	at org.combinators.solitaire.bigforty.BigFortyTests.$anonfun$new$3(BigFortyTests.scala:21)
	at org.scalatest.OutcomeOf.outcomeOf(OutcomeOf.scala:85)
	at org.scalatest.OutcomeOf.outcomeOf$(OutcomeOf.scala:83)
	at org.scalatest.OutcomeOf$.outcomeOf(OutcomeOf.scala:104)
	at org.scalatest.Transformer.apply(Transformer.scala:22)
	at org.scalatest.Transformer.apply(Transformer.scala:20)
	at org.scalatest.FunSpecLike$$anon$1.apply(FunSpecLike.scala:454)
	at org.scalatest.TestSuite.withFixture(TestSuite.scala:196)
	at org.scalatest.TestSuite.withFixture$(TestSuite.scala:195)
	at org.scalatest.FunSpec.withFixture(FunSpec.scala:1630)
	at org.scalatest.FunSpecLike.invokeWithFixture$1(FunSpecLike.scala:452)
	at org.scalatest.FunSpecLike.$anonfun$runTest$1(FunSpecLike.scala:464)
	at org.scalatest.SuperEngine.runTestImpl(Engine.scala:289)
	at org.scalatest.FunSpecLike.runTest(FunSpecLike.scala:464)
	at org.scalatest.FunSpecLike.runTest$(FunSpecLike.scala:446)
	at org.scalatest.FunSpec.runTest(FunSpec.scala:1630)
	at org.scalatest.FunSpecLike.$anonfun$runTests$1(FunSpecLike.scala:497)
	at org.scalatest.SuperEngine.$anonfun$runTestsInBranch$1(Engine.scala:396)
	at scala.collection.immutable.List.foreach(List.scala:389)
	at org.scalatest.SuperEngine.traverseSubNodes$1(Engine.scala:384)
	at org.scalatest.SuperEngine.runTestsInBranch(Engine.scala:373)
	at org.scalatest.SuperEngine.$anonfun$runTestsInBranch$1(Engine.scala:410)
	at scala.collection.immutable.List.foreach(List.scala:389)
	at org.scalatest.SuperEngine.traverseSubNodes$1(Engine.scala:384)
	at org.scalatest.SuperEngine.runTestsInBranch(Engine.scala:373)
	at org.scalatest.SuperEngine.$anonfun$runTestsInBranch$1(Engine.scala:410)
	at scala.collection.immutable.List.foreach(List.scala:389)
	at org.scalatest.SuperEngine.traverseSubNodes$1(Engine.scala:384)
	at org.scalatest.SuperEngine.runTestsInBranch(Engine.scala:379)
	at org.scalatest.SuperEngine.runTestsImpl(Engine.scala:461)
	at org.scalatest.FunSpecLike.runTests(FunSpecLike.scala:497)
	at org.scalatest.FunSpecLike.runTests$(FunSpecLike.scala:496)
	at org.scalatest.FunSpec.runTests(FunSpec.scala:1630)
	at org.scalatest.Suite.run(Suite.scala:1147)
	at org.scalatest.Suite.run$(Suite.scala:1129)
	at org.scalatest.FunSpec.org$scalatest$FunSpecLike$$super$run(FunSpec.scala:1630)
	at org.scalatest.FunSpecLike.$anonfun$run$1(FunSpecLike.scala:501)
	at org.scalatest.SuperEngine.runImpl(Engine.scala:521)
	at org.scalatest.FunSpecLike.run(FunSpecLike.scala:501)
	at org.scalatest.FunSpecLike.run$(FunSpecLike.scala:500)
	at org.scalatest.FunSpec.run(FunSpec.scala:1630)
	at org.scalatest.tools.Framework.org$scalatest$tools$Framework$$runSuite(Framework.scala:314)
	at org.scalatest.tools.Framework$ScalaTestTask.execute(Framework.scala:507)
	at sbt.ForkMain$Run.lambda$runTest$1(ForkMain.java:304)
	at java.util.concurrent.FutureTask.run(FutureTask.java:266)
	at java.util.concurrent.ThreadPoolExecutor.runWorker(ThreadPoolExecutor.java:1149)
	at java.util.concurrent.ThreadPoolExecutor$Worker.run(ThreadPoolExecutor.java:624)
	at java.lang.Thread.run(Thread.java:750)
</failure>
                                               </testcase><testcase classname="org.combinators.solitaire.bigforty.BigFortyTests" name="Inhabitation KlondikeDomain Model Foundation is size 4" time="0.001">
                                                 <failure message="org.scalatest.exceptions.TestFailedException: List(List(Pile, Pile, Pile, Pile)) had size 1 instead of expected size 4" type="sbt.ForkMain$ForkError">sbt.ForkMain$ForkError: org.scalatest.exceptions.TestFailedException: List(List(Pile, Pile, Pile, Pile)) had size 1 instead of expected size 4
	at org.scalatest.Assertions.newAssertionFailedException(Assertions.scala:528)
	at org.scalatest.Assertions.newAssertionFailedException$(Assertions.scala:527)
	at org.scalatest.FunSpec.newAssertionFailedException(FunSpec.scala:1630)
	at org.scalatest.Assertions$AssertionsHelper.macroAssert(Assertions.scala:501)
	at org.combinators.solitaire.bigforty.BigFortyTests.$anonfun$new$4(BigFortyTests.scala:24)
	at org.scalatest.OutcomeOf.outcomeOf(OutcomeOf.scala:85)
	at org.scalatest.OutcomeOf.outcomeOf$(OutcomeOf.scala:83)
	at org.scalatest.OutcomeOf$.outcomeOf(OutcomeOf.scala:104)
	at org.scalatest.Transformer.apply(Transformer.scala:22)
	at org.scalatest.Transformer.apply(Transformer.scala:20)
	at org.scalatest.FunSpecLike$$anon$1.apply(FunSpecLike.scala:454)
	at org.scalatest.TestSuite.withFixture(TestSuite.scala:196)
	at org.scalatest.TestSuite.withFixture$(TestSuite.scala:195)
	at org.scalatest.FunSpec.withFixture(FunSpec.scala:1630)
	at org.scalatest.FunSpecLike.invokeWithFixture$1(FunSpecLike.scala:452)
	at org.scalatest.FunSpecLike.$anonfun$runTest$1(FunSpecLike.scala:464)
	at org.scalatest.SuperEngine.runTestImpl(Engine.scala:289)
	at org.scalatest.FunSpecLike.runTest(FunSpecLike.scala:464)
	at org.scalatest.FunSpecLike.runTest$(FunSpecLike.scala:446)
	at org.scalatest.FunSpec.runTest(FunSpec.scala:1630)
	at org.scalatest.FunSpecLike.$anonfun$runTests$1(FunSpecLike.scala:497)
	at org.scalatest.SuperEngine.$anonfun$runTestsInBranch$1(Engine.scala:396)
	at scala.collection.immutable.List.foreach(List.scala:389)
	at org.scalatest.SuperEngine.traverseSubNodes$1(Engine.scala:384)
	at org.scalatest.SuperEngine.runTestsInBranch(Engine.scala:373)
	at org.scalatest.SuperEngine.$anonfun$runTestsInBranch$1(Engine.scala:410)
	at scala.collection.immutable.List.foreach(List.scala:389)
	at org.scalatest.SuperEngine.traverseSubNodes$1(Engine.scala:384)
	at org.scalatest.SuperEngine.runTestsInBranch(Engine.scala:373)
	at org.scalatest.SuperEngine.$anonfun$runTestsInBranch$1(Engine.scala:410)
	at scala.collection.immutable.List.foreach(List.scala:389)
	at org.scalatest.SuperEngine.traverseSubNodes$1(Engine.scala:384)
	at org.scalatest.SuperEngine.runTestsInBranch(Engine.scala:379)
	at org.scalatest.SuperEngine.runTestsImpl(Engine.scala:461)
	at org.scalatest.FunSpecLike.runTests(FunSpecLike.scala:497)
	at org.scalatest.FunSpecLike.runTests$(FunSpecLike.scala:496)
	at org.scalatest.FunSpec.runTests(FunSpec.scala:1630)
	at org.scalatest.Suite.run(Suite.scala:1147)
	at org.scalatest.Suite.run$(Suite.scala:1129)
	at org.scalatest.FunSpec.org$scalatest$FunSpecLike$$super$run(FunSpec.scala:1630)
	at org.scalatest.FunSpecLike.$anonfun$run$1(FunSpecLike.scala:501)
	at org.scalatest.SuperEngine.runImpl(Engine.scala:521)
	at org.scalatest.FunSpecLike.run(FunSpecLike.scala:501)
	at org.scalatest.FunSpecLike.run$(FunSpecLike.scala:500)
	at org.scalatest.FunSpec.run(FunSpec.scala:1630)
	at org.scalatest.tools.Framework.org$scalatest$tools$Framework$$runSuite(Framework.scala:314)
	at org.scalatest.tools.Framework$ScalaTestTask.execute(Framework.scala:507)
	at sbt.ForkMain$Run.lambda$runTest$1(ForkMain.java:304)
	at java.util.concurrent.FutureTask.run(FutureTask.java:266)
	at java.util.concurrent.ThreadPoolExecutor.runWorker(ThreadPoolExecutor.java:1149)
	at java.util.concurrent.ThreadPoolExecutor$Worker.run(ThreadPoolExecutor.java:624)
	at java.lang.Thread.run(Thread.java:750)
</failure>
                                               </testcase><testcase classname="org.combinators.solitaire.bigforty.BigFortyTests" name="Inhabitation KlondikeDomain Model Stock is size 1" time="0.0">
                                                 
                                               </testcase><testcase classname="org.combinators.solitaire.bigforty.BigFortyTests" name="Inhabitation KlondikeDomain Model Waste is size 1" time="0.0">
                                                 
                                               </testcase><testcase classname="org.combinators.solitaire.bigforty.BigFortyTests" name="Inhabitation KlondikeDomain Model For synthesis Check Standard FreeCellDomain Model" time="32.207">
                                                 <failure message="org.scalatest.exceptions.TestFailedException: helper.singleClass(el.+(&quot;Controller&quot;), Gamma.inhabit[com.github.javaparser.ast.CompilationUnit](SolitaireDomainTest.this.controller.apply(elt, SolitaireDomainTest.this.complete))(({
  val $u: reflect.runtime.universe.type = scala.reflect.runtime.`package`.universe;
  val $m: $u.Mirror = scala.reflect.runtime.`package`.universe.runtimeMirror(classOf[org.combinators.solitaire.shared.SolitaireDomainTest].getClassLoader());
  $u.TypeTag.apply[com.github.javaparser.ast.CompilationUnit]($m, {
    final class $typecreator5 extends TypeCreator {
      def &lt;init&gt;(): $typecreator5 = {
        $typecreator5.super.&lt;init&gt;();
        ()
      };
      def apply[U &lt;: scala.reflect.api.Universe with Singleton]($m$untyped: scala.reflect.api.Mirror[U]): U#Type = {
        val $u: U = $m$untyped.universe;
        val $m: $u.Mirror = $m$untyped.asInstanceOf[$u.Mirror];
        $m.staticClass(&quot;com.github.javaparser.ast.CompilationUnit&quot;).asType.toTypeConstructor
      }
    };
    new $typecreator5()
  })
}: reflect.runtime.universe.WeakTypeTag[com.github.javaparser.ast.CompilationUnit]))) was false" type="sbt.ForkMain$ForkError">sbt.ForkMain$ForkError: org.scalatest.exceptions.TestFailedException: helper.singleClass(el.+(&quot;Controller&quot;), Gamma.inhabit[com.github.javaparser.ast.CompilationUnit](SolitaireDomainTest.this.controller.apply(elt, SolitaireDomainTest.this.complete))(({
  val $u: reflect.runtime.universe.type = scala.reflect.runtime.`package`.universe;
  val $m: $u.Mirror = scala.reflect.runtime.`package`.universe.runtimeMirror(classOf[org.combinators.solitaire.shared.SolitaireDomainTest].getClassLoader());
  $u.TypeTag.apply[com.github.javaparser.ast.CompilationUnit]($m, {
    final class $typecreator5 extends TypeCreator {
      def &lt;init&gt;(): $typecreator5 = {
        $typecreator5.super.&lt;init&gt;();
        ()
      };
      def apply[U &lt;: scala.reflect.api.Universe with Singleton]($m$untyped: scala.reflect.api.Mirror[U]): U#Type = {
        val $u: U = $m$untyped.universe;
        val $m: $u.Mirror = $m$untyped.asInstanceOf[$u.Mirror];
        $m.staticClass(&quot;com.github.javaparser.ast.CompilationUnit&quot;).asType.toTypeConstructor
      }
    };
    new $typecreator5()
  })
}: reflect.runtime.universe.WeakTypeTag[com.github.javaparser.ast.CompilationUnit]))) was false
	at org.scalatest.Assertions.newAssertionFailedException(Assertions.scala:528)
	at org.scalatest.Assertions.newAssertionFailedException$(Assertions.scala:527)
	at org.scalatest.FunSpec.newAssertionFailedException(FunSpec.scala:1630)
	at org.scalatest.Assertions$AssertionsHelper.macroAssert(Assertions.scala:501)
	at org.combinators.solitaire.shared.SolitaireDomainTest.$anonfun$validateDomain$3(SolitaireDomainTest.scala:34)
	at scala.collection.immutable.List.foreach(List.scala:389)
	at org.combinators.solitaire.shared.SolitaireDomainTest.validateDomain(SolitaireDomainTest.scala:28)
	at org.combinators.solitaire.bigforty.BigFortyTests.$anonfun$new$8(BigFortyTests.scala:42)
	at org.scalatest.OutcomeOf.outcomeOf(OutcomeOf.scala:85)
	at org.scalatest.OutcomeOf.outcomeOf$(OutcomeOf.scala:83)
	at org.scalatest.OutcomeOf$.outcomeOf(OutcomeOf.scala:104)
	at org.scalatest.Transformer.apply(Transformer.scala:22)
	at org.scalatest.Transformer.apply(Transformer.scala:20)
	at org.scalatest.FunSpecLike$$anon$1.apply(FunSpecLike.scala:454)
	at org.scalatest.TestSuite.withFixture(TestSuite.scala:196)
	at org.scalatest.TestSuite.withFixture$(TestSuite.scala:195)
	at org.scalatest.FunSpec.withFixture(FunSpec.scala:1630)
	at org.scalatest.FunSpecLike.invokeWithFixture$1(FunSpecLike.scala:452)
	at org.scalatest.FunSpecLike.$anonfun$runTest$1(FunSpecLike.scala:464)
	at org.scalatest.SuperEngine.runTestImpl(Engine.scala:289)
	at org.scalatest.FunSpecLike.runTest(FunSpecLike.scala:464)
	at org.scalatest.FunSpecLike.runTest$(FunSpecLike.scala:446)
	at org.scalatest.FunSpec.runTest(FunSpec.scala:1630)
	at org.scalatest.FunSpecLike.$anonfun$runTests$1(FunSpecLike.scala:497)
	at org.scalatest.SuperEngine.$anonfun$runTestsInBranch$1(Engine.scala:396)
	at scala.collection.immutable.List.foreach(List.scala:389)
	at org.scalatest.SuperEngine.traverseSubNodes$1(Engine.scala:384)
	at org.scalatest.SuperEngine.runTestsInBranch(Engine.scala:373)
	at org.scalatest.SuperEngine.$anonfun$runTestsInBranch$1(Engine.scala:410)
	at scala.collection.immutable.List.foreach(List.scala:389)
	at org.scalatest.SuperEngine.traverseSubNodes$1(Engine.scala:384)
	at org.scalatest.SuperEngine.runTestsInBranch(Engine.scala:373)
	at org.scalatest.SuperEngine.$anonfun$runTestsInBranch$1(Engine.scala:410)
	at scala.collection.immutable.List.foreach(List.scala:389)
	at org.scalatest.SuperEngine.traverseSubNodes$1(Engine.scala:384)
	at org.scalatest.SuperEngine.runTestsInBranch(Engine.scala:373)
	at org.scalatest.SuperEngine.$anonfun$runTestsInBranch$1(Engine.scala:410)
	at scala.collection.immutable.List.foreach(List.scala:389)
	at org.scalatest.SuperEngine.traverseSubNodes$1(Engine.scala:384)
	at org.scalatest.SuperEngine.runTestsInBranch(Engine.scala:379)
	at org.scalatest.SuperEngine.runTestsImpl(Engine.scala:461)
	at org.scalatest.FunSpecLike.runTests(FunSpecLike.scala:497)
	at org.scalatest.FunSpecLike.runTests$(FunSpecLike.scala:496)
	at org.scalatest.FunSpec.runTests(FunSpec.scala:1630)
	at org.scalatest.Suite.run(Suite.scala:1147)
	at org.scalatest.Suite.run$(Suite.scala:1129)
	at org.scalatest.FunSpec.org$scalatest$FunSpecLike$$super$run(FunSpec.scala:1630)
	at org.scalatest.FunSpecLike.$anonfun$run$1(FunSpecLike.scala:501)
	at org.scalatest.SuperEngine.runImpl(Engine.scala:521)
	at org.scalatest.FunSpecLike.run(FunSpecLike.scala:501)
	at org.scalatest.FunSpecLike.run$(FunSpecLike.scala:500)
	at org.scalatest.FunSpec.run(FunSpec.scala:1630)
	at org.scalatest.tools.Framework.org$scalatest$tools$Framework$$runSuite(Framework.scala:314)
	at org.scalatest.tools.Framework$ScalaTestTask.execute(Framework.scala:507)
	at sbt.ForkMain$Run.lambda$runTest$1(ForkMain.java:304)
	at java.util.concurrent.FutureTask.run(FutureTask.java:266)
	at java.util.concurrent.ThreadPoolExecutor.runWorker(ThreadPoolExecutor.java:1149)
	at java.util.concurrent.ThreadPoolExecutor$Worker.run(ThreadPoolExecutor.java:624)
	at java.lang.Thread.run(Thread.java:750)
</failure>
                                               </testcase>
                     <system-out><![CDATA[]]></system-out>
                     <system-err><![CDATA[]]></system-err>
                   </testsuite>